Command line:
   calculator_tb_isim_beh.exe
     -simmode  gui
     -simrunnum  1
     -socket  59759

Sun Feb 19 02:36:12 2023


 Elaboration Time: 0.05 sec

 Current Memory Usage: 193.798 Meg

 Total Signals          : 19
 Total Nets             : 30
 Total Signal Drivers   : 9
 Total Blocks           : 3
 Total Primitive Blocks : 2
 Total Processes        : 13
 Total Traceable Variables  : 21
 Total Scalar Nets and Variables : 123
Total Line Count : 39

 Total Simulation Time: 0.27 sec

 Current Memory Usage: 269.3 Meg

Sun Feb 19 02:40:20 2023



