Release 14.7 - xst P.20131013 (lin64)
Copyright (c) 1995-2013 Xilinx, Inc.  All rights reserved.
--> 
Parameter TMPDIR set to xst/projnav.tmp


Total REAL time to Xst completion: 0.00 secs
Total CPU time to Xst completion: 0.03 secs
 
--> 
Parameter xsthdpdir set to xst


Total REAL time to Xst completion: 0.00 secs
Total CPU time to Xst completion: 0.03 secs
 
--> 
Reading design: ssegDriver.prj

TABLE OF CONTENTS
  1) Synthesis Options Summary
  2) HDL Compilation
  3) Design Hierarchy Analysis
  4) HDL Analysis
  5) HDL Synthesis
     5.1) HDL Synthesis Report
  6) Advanced HDL Synthesis
     6.1) Advanced HDL Synthesis Report
  7) Low Level Synthesis
  8) Partition Report
  9) Final Report
	9.1) Device utilization summary
	9.2) Partition Resource Summary
	9.3) TIMING REPORT


=========================================================================
*                      Synthesis Options Summary                        *
=========================================================================
---- Source Parameters
Input File Name                    : "ssegDriver.prj"
Input Format                       : mixed
Ignore Synthesis Constraint File   : NO

---- Target Parameters
Output File Name                   : "ssegDriver"
Output Format                      : NGC
Target Device                      : xc3s250e-5-cp132

---- Source Options
Top Module Name                    : ssegDriver
Automatic FSM Extraction           : YES
FSM Encoding Algorithm             : Auto
Safe Implementation                : No
FSM Style                          : LUT
RAM Extraction                     : Yes
RAM Style                          : Auto
ROM Extraction                     : Yes
Mux Style                          : Auto
Decoder Extraction                 : YES
Priority Encoder Extraction        : Yes
Shift Register Extraction          : YES
Logical Shifter Extraction         : YES
XOR Collapsing                     : YES
ROM Style                          : Auto
Mux Extraction                     : Yes
Resource Sharing                   : YES
Asynchronous To Synchronous        : NO
Multiplier Style                   : Auto
Automatic Register Balancing       : No

---- Target Options
Add IO Buffers                     : YES
Global Maximum Fanout              : 100000
Add Generic Clock Buffer(BUFG)     : 24
Register Duplication               : YES
Slice Packing                      : YES
Optimize Instantiated Primitives   : NO
Use Clock Enable                   : Yes
Use Synchronous Set                : Yes
Use Synchronous Reset              : Yes
Pack IO Registers into IOBs        : Auto
Equivalent register Removal        : YES

---- General Options
Optimization Goal                  : Speed
Optimization Effort                : 1
Keep Hierarchy                     : No
Netlist Hierarchy                  : As_Optimized
RTL Output                         : Yes
Global Optimization                : AllClockNets
Read Cores                         : YES
Write Timing Constraints           : NO
Cross Clock Analysis               : NO
Hierarchy Separator                : /
Bus Delimiter                      : <>
Case Specifier                     : Maintain
Slice Utilization Ratio            : 100
BRAM Utilization Ratio             : 100
Verilog 2001                       : YES
Auto BRAM Packing                  : NO
Slice Utilization Ratio Delta      : 5

=========================================================================


=========================================================================
*                          HDL Compilation                              *
=========================================================================
Compiling verilog file "ssegDriver.v" in library work
Module <ssegDriver> compiled
No errors in compilation
Analysis of file <"ssegDriver.prj"> succeeded.
 

=========================================================================
*                     Design Hierarchy Analysis                         *
=========================================================================
Analyzing hierarchy for module <ssegDriver> in library <work>.


=========================================================================
*                            HDL Analysis                               *
=========================================================================
Analyzing top module <ssegDriver>.
WARNING:Xst:2725 - "ssegDriver.v" line 41: Size mismatch between case item and case selector.
WARNING:Xst:2725 - "ssegDriver.v" line 42: Size mismatch between case item and case selector.
WARNING:Xst:2725 - "ssegDriver.v" line 43: Size mismatch between case item and case selector.
WARNING:Xst:2725 - "ssegDriver.v" line 44: Size mismatch between case item and case selector.
WARNING:Xst:2725 - "ssegDriver.v" line 45: Size mismatch between case item and case selector.
WARNING:Xst:2725 - "ssegDriver.v" line 46: Size mismatch between case item and case selector.
WARNING:Xst:2725 - "ssegDriver.v" line 47: Size mismatch between case item and case selector.
WARNING:Xst:2725 - "ssegDriver.v" line 48: Size mismatch between case item and case selector.
WARNING:Xst:2725 - "ssegDriver.v" line 49: Size mismatch between case item and case selector.
WARNING:Xst:2725 - "ssegDriver.v" line 50: Size mismatch between case item and case selector.
Module <ssegDriver> is correct for synthesis.
 

=========================================================================
*                           HDL Synthesis                               *
=========================================================================

Performing bidirectional port resolution...

Synthesizing Unit <ssegDriver>.
    Related source file is "ssegDriver.v".
WARNING:Xst:653 - Signal <anodes> is used but never assigned. This sourceless signal will be automatically connected to value 0.
    Found 16x8-bit ROM for signal <sseg$mux0001>.
    Found 8-bit register for signal <sseg>.
    Summary:
	inferred   1 ROM(s).
	inferred   8 D-type flip-flop(s).
Unit <ssegDriver> synthesized.


=========================================================================
HDL Synthesis Report

Macro Statistics
# ROMs                                                 : 1
 16x8-bit ROM                                          : 1
# Registers                                            : 1
 8-bit register                                        : 1

=========================================================================

=========================================================================
*                       Advanced HDL Synthesis                          *
=========================================================================


=========================================================================
Advanced HDL Synthesis Report

Macro Statistics
# ROMs                                                 : 1
 16x8-bit ROM                                          : 1
# Registers                                            : 8
 Flip-Flops                                            : 8

=========================================================================

=========================================================================
*                         Low Level Synthesis                           *
=========================================================================
WARNING:Xst:1293 - FF/Latch <sseg_7> has a constant value of 1 in block <ssegDriver>. This FF/Latch will be trimmed during the optimization process.

Optimizing unit <ssegDriver> ...

Mapping all equations...
Building and optimizing final netlist ...
Found area constraint ratio of 100 (+ 5) on block ssegDriver, actual ratio is 0.

Final Macro Processing ...

=========================================================================
Final Register Report

Macro Statistics
# Registers                                            : 7
 Flip-Flops                                            : 7

=========================================================================

=========================================================================
*                           Partition Report                            *
=========================================================================

Partition Implementation Status
-------------------------------

  No Partitions were found in this design.

-------------------------------

=========================================================================
*                            Final Report                               *
=========================================================================
Final Results
RTL Top Level Output File Name     : ssegDriver.ngr
Top Level Output File Name         : ssegDriver
Output Format                      : NGC
Optimization Goal                  : Speed
Keep Hierarchy                     : No

Design Statistics
# IOs                              : 23

Cell Usage :
# BELS                             : 14
#      GND                         : 1
#      LUT3                        : 5
#      LUT4                        : 6
#      MUXF5                       : 1
#      VCC                         : 1
# FlipFlops/Latches                : 7
#      FD                          : 1
#      FDS                         : 6
# Clock Buffers                    : 1
#      BUFGP                       : 1
# IO Buffers                       : 22
#      IBUF                        : 10
#      OBUF                        : 12
=========================================================================

Device utilization summary:
---------------------------

Selected Device : 3s250ecp132-5 

 Number of Slices:                        6  out of   2448     0%  
 Number of 4 input LUTs:                 11  out of   4896     0%  
 Number of IOs:                          23
 Number of bonded IOBs:                  23  out of     92    25%  
    IOB Flip Flops:                       7
 Number of GCLKs:                         1  out of     24     4%  

---------------------------
Partition Resource Summary:
---------------------------

  No Partitions were found in this design.

---------------------------


=========================================================================
TIMING REPORT

NOTE: THESE TIMING NUMBERS ARE ONLY A SYNTHESIS ESTIMATE.
      FOR ACCURATE TIMING INFORMATION PLEASE REFER TO THE TRACE REPORT
      GENERATED AFTER PLACE-and-ROUTE.

Clock Information:
------------------
-----------------------------------+------------------------+-------+
Clock Signal                       | Clock buffer(FF name)  | Load  |
-----------------------------------+------------------------+-------+
clk                                | BUFGP                  | 7     |
-----------------------------------+------------------------+-------+

Asynchronous Control Signals Information:
----------------------------------------
No asynchronous control signals found in this design

Timing Summary:
---------------
Speed Grade: -5

   Minimum period: No path found
   Minimum input arrival time before clock: 5.871ns
   Maximum output required time after clock: 4.040ns
   Maximum combinational path delay: No path found

Timing Detail:
--------------
All values displayed in nanoseconds (ns)

=========================================================================
Timing constraint: Default OFFSET IN BEFORE for Clock 'clk'
  Total number of paths / destination ports: 96 / 13
-------------------------------------------------------------------------
Offset:              5.871ns (Levels of Logic = 5)
  Source:            number<6> (PAD)
  Destination:       sseg_3 (FF)
  Destination Clock: clk rising

  Data Path: number<6> to sseg_3
                                Gate     Net
    Cell:in->out      fanout   Delay   Delay  Logical Name (Net Name)
    ----------------------------------------  ------------
     IBUF:I->O             1   1.106   0.509  number_6_IBUF (number_6_IBUF)
     LUT3:I0->O            1   0.612   0.360  sseg_mux0000<2>2_SW0 (N16)
     LUT4:I3->O            5   0.612   0.607  sseg_mux0000<2>2 (N5)
     LUT3:I1->O            1   0.612   0.000  sseg_mux0000<7>1 (sseg_mux0000<7>1)
     MUXF5:I1->O           2   0.278   0.380  sseg_mux0000<7>_f5 (sseg_mux0000<7>)
     FDS:S                     0.795          sseg_3
    ----------------------------------------
    Total                      5.871ns (4.015ns logic, 1.856ns route)
                                       (68.4% logic, 31.6% route)

=========================================================================
Timing constraint: Default OFFSET OUT AFTER for Clock 'clk'
  Total number of paths / destination ports: 7 / 7
-------------------------------------------------------------------------
Offset:              4.040ns (Levels of Logic = 1)
  Source:            sseg_6 (FF)
  Destination:       sseg_o<6> (PAD)
  Source Clock:      clk rising

  Data Path: sseg_6 to sseg_o<6>
                                Gate     Net
    Cell:in->out      fanout   Delay   Delay  Logical Name (Net Name)
    ----------------------------------------  ------------
     FDS:C->Q              1   0.514   0.357  sseg_6 (sseg_6)
     OBUF:I->O                 3.169          sseg_o_6_OBUF (sseg_o<6>)
    ----------------------------------------
    Total                      4.040ns (3.683ns logic, 0.357ns route)
                                       (91.2% logic, 8.8% route)

=========================================================================


Total REAL time to Xst completion: 3.00 secs
Total CPU time to Xst completion: 2.85 secs
 
--> 


Total memory usage is 495756 kilobytes

Number of errors   :    0 (   0 filtered)
Number of warnings :   12 (   0 filtered)
Number of infos    :    0 (   0 filtered)

