Release 14.7 - xst P.20131013 (lin64)
Copyright (c) 1995-2013 Xilinx, Inc.  All rights reserved.
--> 
Parameter TMPDIR set to xst/projnav.tmp


Total REAL time to Xst completion: 0.00 secs
Total CPU time to Xst completion: 0.02 secs
 
--> 
Parameter xsthdpdir set to xst


Total REAL time to Xst completion: 0.00 secs
Total CPU time to Xst completion: 0.03 secs
 
--> 
Reading design: pwm.prj

TABLE OF CONTENTS
  1) Synthesis Options Summary
  2) HDL Parsing
  3) HDL Elaboration
  4) HDL Synthesis
       4.1) HDL Synthesis Report
  5) Advanced HDL Synthesis
       5.1) Advanced HDL Synthesis Report
  6) Low Level Synthesis
  7) Partition Report
  8) Design Summary
       8.1) Primitive and Black Box Usage
       8.2) Device utilization summary
       8.3) Partition Resource Summary
       8.4) Timing Report
            8.4.1) Clock Information
            8.4.2) Asynchronous Control Signals Information
            8.4.3) Timing Summary
            8.4.4) Timing Details
            8.4.5) Cross Clock Domains Report


=========================================================================
*                      Synthesis Options Summary                        *
=========================================================================
---- Source Parameters
Input File Name                    : "pwm.prj"
Ignore Synthesis Constraint File   : NO

---- Target Parameters
Output File Name                   : "pwm"
Output Format                      : NGC
Target Device                      : xc7a100t-3-csg324

---- Source Options
Top Module Name                    : pwm
Automatic FSM Extraction           : YES
FSM Encoding Algorithm             : Auto
Safe Implementation                : No
FSM Style                          : LUT
RAM Extraction                     : Yes
RAM Style                          : Auto
ROM Extraction                     : Yes
Shift Register Extraction          : YES
ROM Style                          : Auto
Resource Sharing                   : YES
Asynchronous To Synchronous        : NO
Shift Register Minimum Size        : 2
Use DSP Block                      : Auto
Automatic Register Balancing       : No

---- Target Options
LUT Combining                      : Auto
Reduce Control Sets                : Auto
Add IO Buffers                     : YES
Global Maximum Fanout              : 100000
Add Generic Clock Buffer(BUFG)     : 32
Register Duplication               : YES
Optimize Instantiated Primitives   : NO
Use Clock Enable                   : Auto
Use Synchronous Set                : Auto
Use Synchronous Reset              : Auto
Pack IO Registers into IOBs        : Auto
Equivalent register Removal        : YES

---- General Options
Optimization Goal                  : Speed
Optimization Effort                : 1
Power Reduction                    : NO
Keep Hierarchy                     : No
Netlist Hierarchy                  : As_Optimized
RTL Output                         : Yes
Global Optimization                : AllClockNets
Read Cores                         : YES
Write Timing Constraints           : NO
Cross Clock Analysis               : NO
Hierarchy Separator                : /
Bus Delimiter                      : <>
Case Specifier                     : Maintain
Slice Utilization Ratio            : 100
BRAM Utilization Ratio             : 100
DSP48 Utilization Ratio            : 100
Auto BRAM Packing                  : NO
Slice Utilization Ratio Delta      : 5

=========================================================================


=========================================================================
*                          HDL Parsing                                  *
=========================================================================
Analyzing Verilog file "/mnt/c/Users/berke/Desktop/my-learning-curve-of-fpga/fourthtry/pwm.v" into library work
Parsing module <pwm>.
WARNING:HDLCompiler:751 - "/mnt/c/Users/berke/Desktop/my-learning-curve-of-fpga/fourthtry/pwm.v" Line 28: Redeclaration of ansi port out is not allowed

=========================================================================
*                            HDL Elaboration                            *
=========================================================================

Elaborating module <pwm>.
WARNING:HDLCompiler:413 - "/mnt/c/Users/berke/Desktop/my-learning-curve-of-fpga/fourthtry/pwm.v" Line 32: Result of 9-bit expression is truncated to fit in 8-bit target.

=========================================================================
*                           HDL Synthesis                               *
=========================================================================

Synthesizing Unit <pwm>.
    Related source file is "/mnt/c/Users/berke/Desktop/my-learning-curve-of-fpga/fourthtry/pwm.v".
    Found 1-bit register for signal <out>.
    Found 8-bit register for signal <counter>.
    Found 8-bit adder for signal <counter[7]_GND_1_o_add_1_OUT> created at line 32.
    Found 8-bit comparator greater for signal <counter[7]_duty[7]_LessThan_3_o> created at line 34
    Summary:
	inferred   1 Adder/Subtractor(s).
	inferred   9 D-type flip-flop(s).
	inferred   1 Comparator(s).
Unit <pwm> synthesized.

=========================================================================
HDL Synthesis Report

Macro Statistics
# Adders/Subtractors                                   : 1
 8-bit adder                                           : 1
# Registers                                            : 2
 1-bit register                                        : 1
 8-bit register                                        : 1
# Comparators                                          : 1
 8-bit comparator greater                              : 1

=========================================================================

=========================================================================
*                       Advanced HDL Synthesis                          *
=========================================================================


Synthesizing (advanced) Unit <pwm>.
The following registers are absorbed into counter <counter>: 1 register on signal <counter>.
Unit <pwm> synthesized (advanced).

=========================================================================
Advanced HDL Synthesis Report

Macro Statistics
# Counters                                             : 1
 8-bit up counter                                      : 1
# Registers                                            : 1
 Flip-Flops                                            : 1
# Comparators                                          : 1
 8-bit comparator greater                              : 1

=========================================================================

=========================================================================
*                         Low Level Synthesis                           *
=========================================================================

Optimizing unit <pwm> ...

Mapping all equations...
Building and optimizing final netlist ...
Found area constraint ratio of 100 (+ 5) on block pwm, actual ratio is 0.

Final Macro Processing ...

=========================================================================
Final Register Report

Macro Statistics
# Registers                                            : 9
 Flip-Flops                                            : 9

=========================================================================

=========================================================================
*                           Partition Report                            *
=========================================================================

Partition Implementation Status
-------------------------------

  No Partitions were found in this design.

-------------------------------

=========================================================================
*                            Design Summary                             *
=========================================================================

Top Level Output File Name         : pwm.ngc

Primitive and Black Box Usage:
------------------------------
# BELS                             : 31
#      GND                         : 1
#      INV                         : 1
#      LUT1                        : 7
#      LUT4                        : 2
#      LUT5                        : 1
#      LUT6                        : 3
#      MUXCY                       : 7
#      VCC                         : 1
#      XORCY                       : 8
# FlipFlops/Latches                : 9
#      FD                          : 9
# Clock Buffers                    : 1
#      BUFGP                       : 1
# IO Buffers                       : 9
#      IBUF                        : 8
#      OBUF                        : 1

Device utilization summary:
---------------------------

Selected Device : 7a100tcsg324-3 


Slice Logic Utilization: 
 Number of Slice Registers:               9  out of  126800     0%  
 Number of Slice LUTs:                   14  out of  63400     0%  
    Number used as Logic:                14  out of  63400     0%  

Slice Logic Distribution: 
 Number of LUT Flip Flop pairs used:     14
   Number with an unused Flip Flop:       5  out of     14    35%  
   Number with an unused LUT:             0  out of     14     0%  
   Number of fully used LUT-FF pairs:     9  out of     14    64%  
   Number of unique control sets:         1

IO Utilization: 
 Number of IOs:                          10
 Number of bonded IOBs:                  10  out of    210     4%  

Specific Feature Utilization:
 Number of BUFG/BUFGCTRLs:                1  out of     32     3%  

---------------------------
Partition Resource Summary:
---------------------------

  No Partitions were found in this design.

---------------------------


=========================================================================
Timing Report

NOTE: THESE TIMING NUMBERS ARE ONLY A SYNTHESIS ESTIMATE.
      FOR ACCURATE TIMING INFORMATION PLEASE REFER TO THE TRACE REPORT
      GENERATED AFTER PLACE-and-ROUTE.

Clock Information:
------------------
-----------------------------------+------------------------+-------+
Clock Signal                       | Clock buffer(FF name)  | Load  |
-----------------------------------+------------------------+-------+
clk                                | BUFGP                  | 9     |
-----------------------------------+------------------------+-------+

Asynchronous Control Signals Information:
----------------------------------------
No asynchronous control signals found in this design

Timing Summary:
---------------
Speed Grade: -3

   Minimum period: 1.635ns (Maximum Frequency: 611.471MHz)
   Minimum input arrival time before clock: 1.453ns
   Maximum output required time after clock: 0.640ns
   Maximum combinational path delay: No path found

Timing Details:
---------------
All values displayed in nanoseconds (ns)

=========================================================================
Timing constraint: Default period analysis for Clock 'clk'
  Clock period: 1.635ns (frequency: 611.471MHz)
  Total number of paths / destination ports: 49 / 9
-------------------------------------------------------------------------
Delay:               1.635ns (Levels of Logic = 2)
  Source:            counter_3 (FF)
  Destination:       out (FF)
  Source Clock:      clk rising
  Destination Clock: clk rising

  Data Path: counter_3 to out
                                Gate     Net
    Cell:in->out      fanout   Delay   Delay  Logical Name (Net Name)
    ----------------------------------------  ------------
     FD:C->Q               3   0.361   0.389  counter_3 (counter_3)
     LUT4:I2->O            1   0.097   0.683  counter[7]_duty[7]_LessThan_3_o1_SW1 (N4)
     LUT5:I0->O            1   0.097   0.000  counter[7]_duty[7]_LessThan_3_o21 (counter[7]_duty[7]_LessThan_3_o)
     FD:D                      0.008          out
    ----------------------------------------
    Total                      1.635ns (0.563ns logic, 1.072ns route)
                                       (34.4% logic, 65.6% route)

=========================================================================
Timing constraint: Default OFFSET IN BEFORE for Clock 'clk'
  Total number of paths / destination ports: 13 / 1
-------------------------------------------------------------------------
Offset:              1.453ns (Levels of Logic = 3)
  Source:            duty<0> (PAD)
  Destination:       out (FF)
  Destination Clock: clk rising

  Data Path: duty<0> to out
                                Gate     Net
    Cell:in->out      fanout   Delay   Delay  Logical Name (Net Name)
    ----------------------------------------  ------------
     IBUF:I->O             1   0.001   0.693  duty_0_IBUF (duty_0_IBUF)
     LUT6:I0->O            1   0.097   0.556  counter[7]_duty[7]_LessThan_3_o2 (counter[7]_duty[7]_LessThan_3_o1)
     LUT5:I1->O            1   0.097   0.000  counter[7]_duty[7]_LessThan_3_o21 (counter[7]_duty[7]_LessThan_3_o)
     FD:D                      0.008          out
    ----------------------------------------
    Total                      1.453ns (0.203ns logic, 1.250ns route)
                                       (14.0% logic, 86.0% route)

=========================================================================
Timing constraint: Default OFFSET OUT AFTER for Clock 'clk'
  Total number of paths / destination ports: 1 / 1
-------------------------------------------------------------------------
Offset:              0.640ns (Levels of Logic = 1)
  Source:            out (FF)
  Destination:       out (PAD)
  Source Clock:      clk rising

  Data Path: out to out
                                Gate     Net
    Cell:in->out      fanout   Delay   Delay  Logical Name (Net Name)
    ----------------------------------------  ------------
     FD:C->Q               1   0.361   0.279  out (out_OBUF)
     OBUF:I->O                 0.000          out_OBUF (out)
    ----------------------------------------
    Total                      0.640ns (0.361ns logic, 0.279ns route)
                                       (56.4% logic, 43.6% route)

=========================================================================

Cross Clock Domains Report:
--------------------------

Clock to Setup on destination clock clk
---------------+---------+---------+---------+---------+
               | Src:Rise| Src:Fall| Src:Rise| Src:Fall|
Source Clock   |Dest:Rise|Dest:Rise|Dest:Fall|Dest:Fall|
---------------+---------+---------+---------+---------+
clk            |    1.635|         |         |         |
---------------+---------+---------+---------+---------+

=========================================================================


Total REAL time to Xst completion: 8.00 secs
Total CPU time to Xst completion: 6.25 secs
 
--> 


Total memory usage is 487772 kilobytes

Number of errors   :    0 (   0 filtered)
Number of warnings :    2 (   0 filtered)
Number of infos    :    0 (   0 filtered)

